<?xml version="1.0" encoding="UTF-8"?>
<robot generator="Robot 5.0 (Python 3.10.1 on win32)" generated="20220505 13:31:39.483" rpa="false" schemaversion="3">
<suite id="s1" name="TC 001 Start Close Browser" source="C:\Users\nttr\PycharmProjects\RobotAutomation\TestCases\TC_001_Start_Close_Browser.robot">
<test id="s1-t1" name="TC_001 Open Login Page" line="12">
<kw name="Open LoginPage" library="HomePage">
<kw name="Start browser and maximize" library="common_keywords">
<arg>${URL}</arg>
<arg>${Browser}</arg>
<kw name="Open Browser" library="SeleniumLibrary">
<arg>${URL}</arg>
<arg>${Browser}</arg>
<doc>Opens a new browser instance to the optional ``url``.</doc>
<msg timestamp="20220505 13:31:39.776" level="INFO">Opening browser 'Firefox' to base url 'http://automationpractice.com/index.php'.</msg>
<msg timestamp="20220505 13:31:39.778" level="INFO">Firefox driver log is always forced to to: C:\Users\nttr\PycharmProjects\RobotAutomation\geckodriver-9.log</msg>
<status status="PASS" starttime="20220505 13:31:39.775" endtime="20220505 13:31:51.070"/>
</kw>
<kw name="Maximize Browser Window" library="SeleniumLibrary">
<doc>Maximizes current browser window.</doc>
<status status="PASS" starttime="20220505 13:31:51.070" endtime="20220505 13:31:51.331"/>
</kw>
<kw name="Set Selenium Speed" library="SeleniumLibrary">
<arg>2 seconds</arg>
<doc>Sets the delay that is waited after each Selenium command.</doc>
<status status="PASS" starttime="20220505 13:31:51.331" endtime="20220505 13:31:51.332"/>
</kw>
<status status="PASS" starttime="20220505 13:31:39.774" endtime="20220505 13:31:51.332"/>
</kw>
<kw name="Wait and click element" library="common_keywords">
<arg>${btn_SignIn}</arg>
<kw name="Wait Until Element Is Visible" library="SeleniumLibrary">
<arg>${locator}</arg>
<doc>Waits until the element ``locator`` is visible.</doc>
<status status="PASS" starttime="20220505 13:31:51.333" endtime="20220505 13:31:55.395"/>
</kw>
<kw name="Click Element" library="SeleniumLibrary">
<arg>${locator}</arg>
<doc>Click the element identified by ``locator``.</doc>
<msg timestamp="20220505 13:31:55.396" level="INFO">Clicking element 'Class:login'.</msg>
<status status="PASS" starttime="20220505 13:31:55.396" endtime="20220505 13:32:02.799"/>
</kw>
<status status="PASS" starttime="20220505 13:31:51.332" endtime="20220505 13:32:02.799"/>
</kw>
<kw name="Title Should Be" library="SeleniumLibrary">
<arg>Login - My Store</arg>
<doc>Verifies that the current page title equals ``title``.</doc>
<msg timestamp="20220505 13:32:04.812" level="INFO">Page title is 'Login - My Store'.</msg>
<status status="PASS" starttime="20220505 13:32:02.799" endtime="20220505 13:32:04.812"/>
</kw>
<status status="PASS" starttime="20220505 13:31:39.774" endtime="20220505 13:32:04.812"/>
</kw>
<status status="PASS" starttime="20220505 13:31:39.772" endtime="20220505 13:32:04.813"/>
</test>
<test id="s1-t2" name="TC_002 Create An Account" line="15">
<kw name="Create An Account" library="LoginPage">
<kw name="Wait and input text" library="common_keywords">
<arg>${email_address}</arg>
<arg>trungtn@yopmail.com</arg>
<kw name="Wait Until Element Is Visible" library="SeleniumLibrary">
<arg>${locator}</arg>
<doc>Waits until the element ``locator`` is visible.</doc>
<status status="PASS" starttime="20220505 13:32:04.818" endtime="20220505 13:32:08.865"/>
</kw>
<kw name="Input Text" library="SeleniumLibrary">
<arg>${locator}</arg>
<arg>${txt_value}</arg>
<doc>Types the given ``text`` into the text field identified by ``locator``.</doc>
<msg timestamp="20220505 13:32:08.866" level="INFO">Typing text 'trungtn@yopmail.com' into text field 'id:email_create'.</msg>
<status status="PASS" starttime="20220505 13:32:08.866" endtime="20220505 13:32:14.942"/>
</kw>
<status status="PASS" starttime="20220505 13:32:04.818" endtime="20220505 13:32:14.942"/>
</kw>
<kw name="Wait and click element" library="common_keywords">
<arg>${btn_Submit_Create}</arg>
<kw name="Wait Until Element Is Visible" library="SeleniumLibrary">
<arg>${locator}</arg>
<doc>Waits until the element ``locator`` is visible.</doc>
<status status="PASS" starttime="20220505 13:32:14.944" endtime="20220505 13:32:18.982"/>
</kw>
<kw name="Click Element" library="SeleniumLibrary">
<arg>${locator}</arg>
<doc>Click the element identified by ``locator``.</doc>
<msg timestamp="20220505 13:32:18.982" level="INFO">Clicking element 'id:SubmitCreate'.</msg>
<status status="PASS" starttime="20220505 13:32:18.982" endtime="20220505 13:32:23.253"/>
</kw>
<status status="PASS" starttime="20220505 13:32:14.943" endtime="20220505 13:32:23.254"/>
</kw>
<status status="PASS" starttime="20220505 13:32:04.817" endtime="20220505 13:32:23.254"/>
</kw>
<status status="PASS" starttime="20220505 13:32:04.816" endtime="20220505 13:32:23.255"/>
</test>
<doc>Start learning automation</doc>
<status status="PASS" starttime="20220505 13:31:39.485" endtime="20220505 13:32:23.258"/>
</suite>
<statistics>
<total>
<stat pass="2" fail="0" skip="0">All Tests</stat>
</total>
<tag>
</tag>
<suite>
<stat pass="2" fail="0" skip="0" id="s1" name="TC 001 Start Close Browser">TC 001 Start Close Browser</stat>
</suite>
</statistics>
<errors>
</errors>
</robot>
