<?xml version="1.0" encoding="UTF-8"?>
<robot generator="Robot 5.0 (Python 3.10.1 on win32)" generated="20220505 12:59:49.608" rpa="false" schemaversion="3">
<suite id="s1" name="TC 001 Start Close Browser" source="C:\Users\nttr\PycharmProjects\RobotAutomation\TestCases\TC_001_Start_Close_Browser.robot">
<test id="s1-t1" name="TC_001 Open Login Page" line="11">
<kw name="Open LoginPage" library="HomePage">
<kw name="Start browser and maximize" library="common_keywords">
<arg>${URL}</arg>
<arg>${Browser}</arg>
<kw name="Open Browser" library="SeleniumLibrary">
<arg>${URL}</arg>
<arg>${Browser}</arg>
<doc>Opens a new browser instance to the optional ``url``.</doc>
<msg timestamp="20220505 12:59:49.862" level="INFO">Opening browser 'Firefox' to base url 'http://automationpractice.com/index.php'.</msg>
<msg timestamp="20220505 12:59:49.864" level="INFO">Firefox driver log is always forced to to: C:\Users\nttr\PycharmProjects\RobotAutomation\geckodriver-5.log</msg>
<status status="PASS" starttime="20220505 12:59:49.862" endtime="20220505 13:00:01.974"/>
</kw>
<kw name="Maximize Browser Window" library="SeleniumLibrary">
<doc>Maximizes current browser window.</doc>
<status status="PASS" starttime="20220505 13:00:01.974" endtime="20220505 13:00:02.237"/>
</kw>
<kw name="Set Selenium Speed" library="SeleniumLibrary">
<arg>2 seconds</arg>
<doc>Sets the delay that is waited after each Selenium command.</doc>
<status status="PASS" starttime="20220505 13:00:02.237" endtime="20220505 13:00:02.237"/>
</kw>
<status status="PASS" starttime="20220505 12:59:49.862" endtime="20220505 13:00:02.237"/>
</kw>
<kw name="Wait and click element" library="common_keywords">
<arg>${btn_SignIn}</arg>
<kw name="Wait Until Element Is Visible" library="SeleniumLibrary">
<arg>${locator}</arg>
<doc>Waits until the element ``locator`` is visible.</doc>
<status status="PASS" starttime="20220505 13:00:02.238" endtime="20220505 13:00:06.268"/>
</kw>
<kw name="Click Element" library="SeleniumLibrary">
<arg>${locator}</arg>
<doc>Click the element identified by ``locator``.</doc>
<msg timestamp="20220505 13:00:06.269" level="INFO">Clicking element 'Class:login'.</msg>
<status status="PASS" starttime="20220505 13:00:06.268" endtime="20220505 13:00:12.993"/>
</kw>
<status status="PASS" starttime="20220505 13:00:02.237" endtime="20220505 13:00:12.993"/>
</kw>
<kw name="Close browser window" library="common_keywords">
<kw name="Get Title" library="SeleniumLibrary">
<var>${Title}</var>
<doc>Returns the title of the current page.</doc>
<msg timestamp="20220505 13:00:15.008" level="INFO">${Title} = Login - My Store</msg>
<status status="PASS" starttime="20220505 13:00:12.994" endtime="20220505 13:00:15.008"/>
</kw>
<kw name="Log" library="BuiltIn">
<arg>${Title}</arg>
<doc>Logs the given message with the given level.</doc>
<msg timestamp="20220505 13:00:15.009" level="INFO">Login - My Store</msg>
<status status="PASS" starttime="20220505 13:00:15.008" endtime="20220505 13:00:15.009"/>
</kw>
<kw name="Close Browser" library="SeleniumLibrary">
<doc>Closes the current browser.</doc>
<status status="PASS" starttime="20220505 13:00:15.009" endtime="20220505 13:00:17.639"/>
</kw>
<status status="PASS" starttime="20220505 13:00:12.994" endtime="20220505 13:00:17.639"/>
</kw>
<status status="PASS" starttime="20220505 12:59:49.862" endtime="20220505 13:00:17.640"/>
</kw>
<status status="PASS" starttime="20220505 12:59:49.861" endtime="20220505 13:00:17.641"/>
</test>
<doc>Start learning automation</doc>
<status status="PASS" starttime="20220505 12:59:49.610" endtime="20220505 13:00:17.643"/>
</suite>
<statistics>
<total>
<stat pass="1" fail="0" skip="0">All Tests</stat>
</total>
<tag>
</tag>
<suite>
<stat pass="1" fail="0" skip="0" id="s1" name="TC 001 Start Close Browser">TC 001 Start Close Browser</stat>
</suite>
</statistics>
<errors>
</errors>
</robot>
