<?xml version="1.0" encoding="UTF-8"?>
<robot generator="Robot 5.0 (Python 3.10.1 on win32)" generated="20220402 14:04:31.541" rpa="false" schemaversion="3">
<suite id="s1" name="TC 001 Start Close Browser" source="C:\Users\nttr\PycharmProjects\RobotAutomation\TestCases\TC_001_Start_Close_Browser.robot">
<test id="s1-t1" name="TC_001 Input textbox" line="15">
<kw name="Start browser and maximize" library="Resource1" type="SETUP">
<arg>${URL}</arg>
<arg>${Browser}</arg>
<kw name="Open Browser" library="SeleniumLibrary">
<arg>${URL}</arg>
<arg>${Browser}</arg>
<doc>Opens a new browser instance to the given ``url``.</doc>
<msg timestamp="20220402 14:04:31.750" level="INFO">Opening browser 'Chrome' to base url 'http://www.thetestingworld.com/testings'.</msg>
<status status="PASS" starttime="20220402 14:04:31.750" endtime="20220402 14:04:37.925"/>
</kw>
<kw name="Maximize Browser Window" library="SeleniumLibrary">
<doc>Maximizes current browser window.</doc>
<status status="PASS" starttime="20220402 14:04:37.925" endtime="20220402 14:04:38.049"/>
</kw>
<kw name="Set Selenium Speed" library="SeleniumLibrary">
<arg>2 seconds</arg>
<doc>Sets the delay that is waited after each Selenium command.</doc>
<status status="PASS" starttime="20220402 14:04:38.049" endtime="20220402 14:04:38.050"/>
</kw>
<status status="PASS" starttime="20220402 14:04:31.749" endtime="20220402 14:04:38.051"/>
</kw>
<kw name="Input Text" library="SeleniumLibrary">
<arg>name:fld_username</arg>
<arg>user1</arg>
<doc>Types the given ``text`` into text field identified by ``locator``.</doc>
<msg timestamp="20220402 14:04:38.052" level="INFO">Typing text 'user1' into text field 'name:fld_username'.</msg>
<status status="PASS" starttime="20220402 14:04:38.052" endtime="20220402 14:04:44.167"/>
</kw>
<kw name="Input Text" library="SeleniumLibrary">
<arg>name:fld_email</arg>
<arg>email1@gmail.com</arg>
<doc>Types the given ``text`` into text field identified by ``locator``.</doc>
<msg timestamp="20220402 14:04:44.169" level="INFO">Typing text 'email1@gmail.com' into text field 'name:fld_email'.</msg>
<status status="PASS" starttime="20220402 14:04:44.168" endtime="20220402 14:04:50.283"/>
</kw>
<kw name="Close browser window" library="Resource1" type="TEARDOWN">
<kw name="Get Title" library="SeleniumLibrary">
<var>${Title}</var>
<doc>Returns the title of current page.</doc>
<msg timestamp="20220402 14:04:52.295" level="INFO">${Title} = Login &amp; Sign Up Forms</msg>
<status status="PASS" starttime="20220402 14:04:50.285" endtime="20220402 14:04:52.295"/>
</kw>
<kw name="Log" library="BuiltIn">
<arg>${Title}</arg>
<doc>Logs the given message with the given level.</doc>
<msg timestamp="20220402 14:04:52.296" level="INFO">Login &amp; Sign Up Forms</msg>
<status status="PASS" starttime="20220402 14:04:52.295" endtime="20220402 14:04:52.296"/>
</kw>
<kw name="Close Browser" library="SeleniumLibrary">
<doc>Closes the current browser.</doc>
<status status="PASS" starttime="20220402 14:04:52.296" endtime="20220402 14:04:56.362"/>
</kw>
<status status="PASS" starttime="20220402 14:04:50.285" endtime="20220402 14:04:56.362"/>
</kw>
<status status="PASS" starttime="20220402 14:04:31.748" endtime="20220402 14:04:56.363"/>
</test>
<test id="s1-t2" name="TC_002 Select Radio button" line="19">
<kw name="Start browser and maximize" library="Resource1" type="SETUP">
<arg>${URL}</arg>
<arg>${Browser}</arg>
<kw name="Open Browser" library="SeleniumLibrary">
<arg>${URL}</arg>
<arg>${Browser}</arg>
<doc>Opens a new browser instance to the given ``url``.</doc>
<msg timestamp="20220402 14:04:56.370" level="INFO">Opening browser 'Chrome' to base url 'http://www.thetestingworld.com/testings'.</msg>
<status status="PASS" starttime="20220402 14:04:56.369" endtime="20220402 14:05:04.210"/>
</kw>
<kw name="Maximize Browser Window" library="SeleniumLibrary">
<doc>Maximizes current browser window.</doc>
<status status="PASS" starttime="20220402 14:05:04.210" endtime="20220402 14:05:06.346"/>
</kw>
<kw name="Set Selenium Speed" library="SeleniumLibrary">
<arg>2 seconds</arg>
<doc>Sets the delay that is waited after each Selenium command.</doc>
<status status="PASS" starttime="20220402 14:05:06.346" endtime="20220402 14:05:06.348"/>
</kw>
<status status="PASS" starttime="20220402 14:04:56.368" endtime="20220402 14:05:06.348"/>
</kw>
<kw name="Select Radio Button" library="SeleniumLibrary">
<arg>add_type</arg>
<arg>home</arg>
<doc>Sets radio button group ``group_name`` to ``value``.</doc>
<msg timestamp="20220402 14:05:06.349" level="INFO">Selecting 'home' from radio button 'add_type'.</msg>
<status status="PASS" starttime="20220402 14:05:06.349" endtime="20220402 14:05:12.456"/>
</kw>
<kw name="Close browser window" library="Resource1" type="TEARDOWN">
<kw name="Get Title" library="SeleniumLibrary">
<var>${Title}</var>
<doc>Returns the title of current page.</doc>
<msg timestamp="20220402 14:05:14.469" level="INFO">${Title} = Login &amp; Sign Up Forms</msg>
<status status="PASS" starttime="20220402 14:05:12.458" endtime="20220402 14:05:14.469"/>
</kw>
<kw name="Log" library="BuiltIn">
<arg>${Title}</arg>
<doc>Logs the given message with the given level.</doc>
<msg timestamp="20220402 14:05:14.470" level="INFO">Login &amp; Sign Up Forms</msg>
<status status="PASS" starttime="20220402 14:05:14.470" endtime="20220402 14:05:14.470"/>
</kw>
<kw name="Close Browser" library="SeleniumLibrary">
<doc>Closes the current browser.</doc>
<status status="PASS" starttime="20220402 14:05:14.470" endtime="20220402 14:05:18.535"/>
</kw>
<status status="PASS" starttime="20220402 14:05:12.458" endtime="20220402 14:05:18.535"/>
</kw>
<status status="PASS" starttime="20220402 14:04:56.367" endtime="20220402 14:05:18.536"/>
</test>
<doc>Start learning automation</doc>
<status status="PASS" starttime="20220402 14:04:31.543" endtime="20220402 14:05:18.539"/>
</suite>
<statistics>
<total>
<stat pass="2" fail="0" skip="0">All Tests</stat>
</total>
<tag>
</tag>
<suite>
<stat pass="2" fail="0" skip="0" id="s1" name="TC 001 Start Close Browser">TC 001 Start Close Browser</stat>
</suite>
</statistics>
<errors>
</errors>
</robot>
